C51 COMPILER V9.54   MAIN                                                                  10/09/2023 22:07:00 PAGE 1   


C51 COMPILER V9.54, COMPILATION OF MODULE MAIN
OBJECT MODULE PLACED IN .\Objects\main.obj
COMPILER INVOKED BY: C:\Keil_v5\C51\BIN\C51.EXE main.c OPTIMIZE(8,SPEED) BROWSE DEBUG OBJECTEXTEND PRINT(.\Listings\main
                    -.lst) TABS(2) OBJECT(.\Objects\main.obj)

line level    source

   1          #include <REGX52.H>
   2          
   3          unsigned char NumTUBE[10]=
   4            {0x3F,
   5            0x06,
   6            0x5B,
   7            0x4F,
   8            0x66,
   9            0x6D,
  10            0x7D,
  11            0x07,
  12            0x7F,
  13            0x6F};
  14          
  15          void Nixie(unsigned char Location,unsigned char Number)
  16          {
  17   1        switch(Location)
  18   1        {
  19   2            case 1:P2_4=1;P2_3=1;P2_2=1;break;
  20   2            case 2:P2_4=1;P2_3=1;P2_2=0;break;
  21   2            case 3:P2_4=1;P2_3=0;P2_2=1;break;  
  22   2            case 4:P2_4=1;P2_3=0;P2_2=0;break;
  23   2            case 5:P2_4=0;P2_3=1;P2_2=1;break;
  24   2            case 6:P2_4=0;P2_3=1;P2_2=0;break;
  25   2            case 7:P2_4=0;P2_3=0;P2_2=1;break;
  26   2            case 8:P2_4=0;P2_3=0;P2_2=0;break;
  27   2        } 
  28   1        
  29   1        P0=NumTUBE[Number];
  30   1      }
  31          void main()
  32          {
  33   1      
  34   1        while(1)
  35   1        {
  36   2          Nixie(7,6);
  37   2        }
  38   1      }


MODULE INFORMATION:   STATIC OVERLAYABLE
   CODE SIZE        =    108    ----
   CONSTANT SIZE    =   ----    ----
   XDATA SIZE       =   ----    ----
   PDATA SIZE       =   ----    ----
   DATA SIZE        =     10    ----
   IDATA SIZE       =   ----    ----
   BIT SIZE         =   ----    ----
END OF MODULE INFORMATION.


C51 COMPILATION COMPLETE.  0 WARNING(S),  0 ERROR(S)
