C51 COMPILER V9.54   MAIN                                                                  10/08/2023 11:56:02 PAGE 1   


C51 COMPILER V9.54, COMPILATION OF MODULE MAIN
OBJECT MODULE PLACED IN .\Objects\main.obj
COMPILER INVOKED BY: C:\Keil_v5\C51\BIN\C51.EXE main.c OPTIMIZE(8,SPEED) BROWSE DEBUG OBJECTEXTEND PRINT(.\Listings\main
                    -.lst) TABS(2) OBJECT(.\Objects\main.obj)

line level    source

   1          #include <REGX52.H>
   2          #include <INTRINS.H>
   3          
   4          void Delayxms(x)    //@11.0592MHz
   5          {
   6   1        while(x)
   7   1        {
   8   2          unsigned char i, j;
   9   2      
  10   2        _nop_();
  11   2        _nop_();
  12   2        _nop_();
  13   2        i = 11;
  14   2        j = 190;
  15   2        do
  16   2          {
  17   3              while (--j);
  18   3          } while (--i);
  19   2          --x;
  20   2        }
  21   1      }
  22          
  23          
  24          void main()
  25          {
  26   1        while(1)
  27   1        {
  28   2          if(P3_1==0)
  29   2          {
  30   3            Delayxms(20);
  31   3            while(P3_1==0)
  32   3              {
  33   4                P2=0x0;     //00000000
  34   4              }
  35   3              Delayxms(20);
  36   3              P2=~P2;
  37   3            
  38   3          }
  39   2        }
  40   1      }


MODULE INFORMATION:   STATIC OVERLAYABLE
   CODE SIZE        =     57    ----
   CONSTANT SIZE    =   ----    ----
   XDATA SIZE       =   ----    ----
   PDATA SIZE       =   ----    ----
   DATA SIZE        =   ----       2
   IDATA SIZE       =   ----    ----
   BIT SIZE         =   ----    ----
END OF MODULE INFORMATION.


C51 COMPILATION COMPLETE.  0 WARNING(S),  0 ERROR(S)
