C51 COMPILER V9.54   MAIN                                                                  10/17/2023 21:48:02 PAGE 1   


C51 COMPILER V9.54, COMPILATION OF MODULE MAIN
OBJECT MODULE PLACED IN .\Objects\main.obj
COMPILER INVOKED BY: C:\Keil_v5\C51\BIN\C51.EXE main.c OPTIMIZE(8,SPEED) BROWSE DEBUG OBJECTEXTEND PRINT(.\Listings\main
                    -.lst) TABS(2) OBJECT(.\Objects\main.obj)

line level    source

   1          #include <REGX52.H>
   2          #include "LCD1602.h"
   3          #include "Delay.h"
   4          #include <intrins.h>
   5          
   6          
   7          void Delay();
*** WARNING C236 IN LINE 7 OF main.c: '_Delay': different length of parameter lists
   8          
   9          
  10          
  11          void main()
  12          {
  13   1        int Result=1;
  14   1        LCD_Init();
  15   1        while(1)
  16   1        {
  17   2          Result++;
  18   2          Delay(1000);
  19   2          LCD_ShowNum(1,1,Result,5);
  20   2        }
  21   1      }


MODULE INFORMATION:   STATIC OVERLAYABLE
   CODE SIZE        =     40    ----
   CONSTANT SIZE    =   ----    ----
   XDATA SIZE       =   ----    ----
   PDATA SIZE       =   ----    ----
   DATA SIZE        =   ----       2
   IDATA SIZE       =   ----    ----
   BIT SIZE         =   ----    ----
END OF MODULE INFORMATION.


C51 COMPILATION COMPLETE.  1 WARNING(S),  0 ERROR(S)
