C51 COMPILER V9.54   MAIN                                                                  09/29/2023 12:06:59 PAGE 1   


C51 COMPILER V9.54, COMPILATION OF MODULE MAIN
OBJECT MODULE PLACED IN .\Objects\main.obj
COMPILER INVOKED BY: C:\Keil_v5\C51\BIN\C51.EXE main.c OPTIMIZE(8,SPEED) BROWSE INCDIR(C:\Keil_v5\C51\INC\Atmel) DEBUG O
                    -BJECTEXTEND PRINT(.\Listings\main.lst) TABS(2) OBJECT(.\Objects\main.obj)

line level    source

   1          #include <REGX52.H>
   2          
   3          void Delayxms(x)     //@11.0592MHz
   4          {
   5   1        while(x)
   6   1        {  
   7   2          unsigned int i, j;
   8   2      
   9   2          for (i = 0; i < 1000; i++)
  10   2          {
  11   3              for (j = 0; j < 114; j++)
  12   3              {
  13   4                  // do nothing
  14   4              }
  15   3          }
  16   2          x--;
  17   2        }
  18   1      }
  19          
  20          void main()
  21          {
  22   1      
  23   1        while(1)
  24   1        {
  25   2          int i =500;
  26   2          P2=0x7F;   //0111 1111
  27   2      
  28   2          Delayxms(1);
  29   2          
  30   2            P2=0xFE; 
  31   2           // 1111 1110
  32   2        }
  33   1      }


MODULE INFORMATION:   STATIC OVERLAYABLE
   CODE SIZE        =     73    ----
   CONSTANT SIZE    =   ----    ----
   XDATA SIZE       =   ----    ----
   PDATA SIZE       =   ----    ----
   DATA SIZE        =   ----       6
   IDATA SIZE       =   ----    ----
   BIT SIZE         =   ----    ----
END OF MODULE INFORMATION.


C51 COMPILATION COMPLETE.  0 WARNING(S),  0 ERROR(S)
