C51 COMPILER V9.54   MAIN2                                                                 09/29/2023 12:08:10 PAGE 1   


C51 COMPILER V9.54, COMPILATION OF MODULE MAIN2
OBJECT MODULE PLACED IN .\Objects\main2.obj
COMPILER INVOKED BY: C:\Keil_v5\C51\BIN\C51.EXE main2.c OPTIMIZE(8,SPEED) BROWSE INCDIR(C:\Keil_v5\C51\INC\Atmel) DEBUG 
                    -OBJECTEXTEND PRINT(.\Listings\main2.lst) TABS(2) OBJECT(.\Objects\main2.obj)

line level    source

   1          #include <REGX52.H>
   2          
   3          void Delay(unsigned int ms)
   4          {
   5   1          unsigned int i, j;
   6   1      
   7   1          for (i = 0; i < ms; i++)
   8   1          {
   9   2              for (j = 0; j < 114; j++)
  10   2              {
  11   3                  // do nothing
  12   3              }
  13   2          }
  14   1      }
  15          
  16          void main()
  17          {
  18   1          while(1)
  19   1          {
  20   2              P2=0x7F;   //0111 1111
  21   2              Delay(500);
  22   2              P2=0xFE;  // 1111 1110
  23   2              Delay(500);
  24   2          }
  25   1      }


MODULE INFORMATION:   STATIC OVERLAYABLE
   CODE SIZE        =     50    ----
   CONSTANT SIZE    =   ----    ----
   XDATA SIZE       =   ----    ----
   PDATA SIZE       =   ----    ----
   DATA SIZE        =   ----    ----
   IDATA SIZE       =   ----    ----
   BIT SIZE         =   ----    ----
END OF MODULE INFORMATION.


C51 COMPILATION COMPLETE.  0 WARNING(S),  0 ERROR(S)
