C51 COMPILER V9.54   MAIN                                                                  11/08/2023 14:04:02 PAGE 1   


C51 COMPILER V9.54, COMPILATION OF MODULE MAIN
OBJECT MODULE PLACED IN .\Objects\main.obj
COMPILER INVOKED BY: C:\Keil_v5\C51\BIN\C51.EXE main.c OPTIMIZE(8,SPEED) BROWSE DEBUG OBJECTEXTEND PRINT(.\Listings\main
                    -.lst) TABS(2) OBJECT(.\Objects\main.obj)

line level    source

   1          #include <REGX52.H>
   2          #include "Delay.h"
   3          #include "LCD1602.H"
   4          #include "MatrixKey.h"
   5          
   6          unsigned int Password;
   7          unsigned char KeyNum;
   8          unsigned char Count=1;
   9          
  10          void main()
  11          {
  12   1          
  13   1          LCD_Init();
  14   1          LCD_ShowString(1,5,"FUCK YOU ");
  15   1          
  16   1        while(1)
  17   1        {
  18   2          KeyNum=MatrixKey();
  19   2          if(KeyNum)
  20   2          {
  21   3            if(KeyNum<=10&&Count<=4)   //检测密码
  22   3            {
  23   4            
  24   4              KeyNum%10;  //输入10转化为零
*** WARNING C275 IN LINE 24 OF main.c: expression with possibly no effect
  25   4              Password*=10;          //左移
  26   4              Password+=KeyNum%10;  //第二位
  27   4              LCD_ShowNum(2,5,Password,4);
  28   4              Count++;
  29   4            }
  30   3            if(KeyNum==11)
  31   3            {
  32   4              if(Password==1234)
  33   4              {
  34   5              LCD_ShowString(1,14," OK");
  35   5                Password=0;
  36   5                Count=0;
  37   5                LCD_ShowNum(2,5,Password,4);
  38   5              }
  39   4              else
  40   4              {
  41   5                LCD_ShowString(1,14,"ERR");
  42   5                Password=0;
  43   5                Count=0;
  44   5                  LCD_ShowNum(2,5,Password,4);
  45   5              }
  46   4            }
  47   3            if(KeyNum==12)    //取消
  48   3            {
  49   4                Password=0;
  50   4                Count=0;
  51   4                LCD_ShowNum(2,5,Password,4);
  52   4                
  53   4            }
C51 COMPILER V9.54   MAIN                                                                  11/08/2023 14:04:02 PAGE 2   

  54   3          }
  55   2          
  56   2        }
  57   1      }


MODULE INFORMATION:   STATIC OVERLAYABLE
   CODE SIZE        =    173    ----
   CONSTANT SIZE    =     18    ----
   XDATA SIZE       =   ----    ----
   PDATA SIZE       =   ----    ----
   DATA SIZE        =      4    ----
   IDATA SIZE       =   ----    ----
   BIT SIZE         =   ----    ----
END OF MODULE INFORMATION.


C51 COMPILATION COMPLETE.  1 WARNING(S),  0 ERROR(S)
