C51 COMPILER V9.54   MAIN                                                                  11/21/2023 19:58:51 PAGE 1   


C51 COMPILER V9.54, COMPILATION OF MODULE MAIN
OBJECT MODULE PLACED IN .\Objects\main.obj
COMPILER INVOKED BY: C:\Keil_v5\C51\BIN\C51.EXE main.c OPTIMIZE(8,SPEED) BROWSE DEBUG OBJECTEXTEND PRINT(.\Listings\main
                    -.lst) TABS(2) OBJECT(.\Objects\main.obj)

line level    source

   1          #include <REGX52.H>
   2          
   3          
   4          unsigned char KeyNum;
   5          void main()
   6          {
   7   1      //    Timer0_Init();
   8   1          while(1)
   9   1          {
  10   2            KeyNum=key();
*** WARNING C206 IN LINE 10 OF main.c: 'key': missing function-prototype
  11   2            if(KeyNum)
  12   2            {
  13   3              if(KeyNum==1)P2_1=~P2_1;
  14   3              if(KeyNum==2)P2_2=~P2_2;
  15   3              if(KeyNum==3)P2_3=~P2_3;
  16   3              if(KeyNum==4)P2_4=~P2_4;
  17   3            }
  18   2          }
  19   1      }
  20          
  21          
  22          //void  Timer0_Routine() interrupt 1
  23          //{
  24          //    unsigned int T0Count;
  25          //    TH0=64609/256;
  26          //    TL0=64609%256;
  27          //    T0Count++;
  28          //    if(T0Count>=100)
  29          //    {
  30          //        T0Count=0;
  31          //        P2_1=~P2_1;
  32          //    }
  33          //}
  34          


MODULE INFORMATION:   STATIC OVERLAYABLE
   CODE SIZE        =     37    ----
   CONSTANT SIZE    =   ----    ----
   XDATA SIZE       =   ----    ----
   PDATA SIZE       =   ----    ----
   DATA SIZE        =      1    ----
   IDATA SIZE       =   ----    ----
   BIT SIZE         =   ----    ----
END OF MODULE INFORMATION.


C51 COMPILATION COMPLETE.  1 WARNING(S),  0 ERROR(S)
