C51 COMPILER V9.54   TIMER0                                                                11/21/2023 19:37:19 PAGE 1   


C51 COMPILER V9.54, COMPILATION OF MODULE TIMER0
OBJECT MODULE PLACED IN .\Objects\Timer0.obj
COMPILER INVOKED BY: C:\Keil_v5\C51\BIN\C51.EXE Timer0.c OPTIMIZE(8,SPEED) BROWSE DEBUG OBJECTEXTEND PRINT(.\Listings\Ti
                    -mer0.lst) TABS(2) OBJECT(.\Objects\Timer0.obj)

line level    source

   1          #include <REGX52.H>
   2          
   3          
   4          void Timer0_Init()
   5          {
   6   1        TMOD=TMOD&0xF0;    //清零低四位，高位不变
   7   1        TMOD=TMOD|0x01;     
   8   1                          //  设置定时器模式
   9   1          TF0=0;          //旗帜工作
  10   1          TR0=1;          //开始计时
  11   1          TH0=64610/256;
  12   1          TL0=64610%256+1;
  13   1          ET0=1;        //中断器通路
  14   1          EA=1;           //同上
  15   1          PT0=0;
  16   1      }
  17          
  18          
  19          //void  Timer0_Routine() interrupt 1
  20          //{
  21          //    unsigned int T0Count;
  22          //    TH0=64609/256;
  23          //    TL0=64609%256;
  24          //    T0Count++;
  25          //    if(T0Count>=100)
  26          //    {
  27          //       
  28          //    }
  29          //}


MODULE INFORMATION:   STATIC OVERLAYABLE
   CODE SIZE        =     23    ----
   CONSTANT SIZE    =   ----    ----
   XDATA SIZE       =   ----    ----
   PDATA SIZE       =   ----    ----
   DATA SIZE        =   ----    ----
   IDATA SIZE       =   ----    ----
   BIT SIZE         =   ----    ----
END OF MODULE INFORMATION.


C51 COMPILATION COMPLETE.  0 WARNING(S),  0 ERROR(S)
