C51 COMPILER V9.54   MAIN                                                                  10/25/2023 22:19:35 PAGE 1   


C51 COMPILER V9.54, COMPILATION OF MODULE MAIN
OBJECT MODULE PLACED IN .\Objects\main.obj
COMPILER INVOKED BY: C:\Keil_v5\C51\BIN\C51.EXE main.c OPTIMIZE(8,SPEED) BROWSE DEBUG OBJECTEXTEND PRINT(.\Listings\main
                    -.lst) TABS(2) OBJECT(.\Objects\main.obj)

line level    source

   1          #include <REGX52.H>
   2          #include "Delay.h"
   3          #include "LCD1602.H"
   4          #include "MatrixKey.h"
   5          
   6          
   7          void main()
   8          {
   9   1      
  10   1          LCD_Init();
  11   1          LCD_ShowString(1,5,"FUCK YOU");
  12   1          
  13   1        while(1)
  14   1        {
  15   2          int KeyNum=MatrixKey();
  16   2          while(KeyNum)
  17   2            {
  18   3            LCD_ShowNum(2,8,KeyNum,2);
  19   3              KeyNum=0;
  20   3            }
  21   2        }
  22   1      }


MODULE INFORMATION:   STATIC OVERLAYABLE
   CODE SIZE        =     51    ----
   CONSTANT SIZE    =      9    ----
   XDATA SIZE       =   ----    ----
   PDATA SIZE       =   ----    ----
   DATA SIZE        =   ----       2
   IDATA SIZE       =   ----    ----
   BIT SIZE         =   ----    ----
END OF MODULE INFORMATION.


C51 COMPILATION COMPLETE.  0 WARNING(S),  0 ERROR(S)
