C51 COMPILER V9.54   MATRIXKEY                                                             10/25/2023 22:18:38 PAGE 1   


C51 COMPILER V9.54, COMPILATION OF MODULE MATRIXKEY
OBJECT MODULE PLACED IN .\Objects\MatrixKey.obj
COMPILER INVOKED BY: C:\Keil_v5\C51\BIN\C51.EXE MatrixKey.c OPTIMIZE(8,SPEED) BROWSE DEBUG OBJECTEXTEND PRINT(.\Listings
                    -\MatrixKey.lst) TABS(2) OBJECT(.\Objects\MatrixKey.obj)

line level    source

   1          #include <REGX52.H>
   2          #include "Delay.h"
   3          
   4          /**
   5          
   6          
   7          矩阵键盘3X3+0
   8          
   9          */
  10          
  11          
  12          
  13          unsigned char MatrixKey()
  14          {
  15   1        int i=3;
  16   1        int m=1;
  17   1        unsigned char KeyNumber=0;
  18   1      
  19   1        P1=0xFF;           //第一列
  20   1        P1_3=0;
  21   1        if(P1_7==0)
  22   1        {
  23   2          Delay(20);
  24   2          while(P1_7==0);
  25   2          {
  26   3            
  27   3          }
  28   2          Delay(20);
  29   2          KeyNumber=1;   //（1，1）
  30   2        }
  31   1        if(P1_6==0)
  32   1        {
  33   2          Delay(20);
  34   2          while(P1_6==0);
  35   2          {
  36   3            
  37   3          }
  38   2          Delay(20);
  39   2          KeyNumber=4;  //（2，1）
  40   2        }
  41   1        if(P1_5==0)
  42   1        {
  43   2          Delay(20);
  44   2          while(P1_5==0);
  45   2          {
  46   3            
  47   3          }
  48   2          Delay(20);
  49   2          KeyNumber=7;  //（3，1）
  50   2        }
  51   1        
  52   1        
  53   1        P1=0xFF;            //第二列
  54   1        P1_2=0;
C51 COMPILER V9.54   MATRIXKEY                                                             10/25/2023 22:18:38 PAGE 2   

  55   1        if(P1_7==0)
  56   1        {
  57   2          Delay(20);
  58   2          while(P1_7==0);
  59   2          {
  60   3            
  61   3          }
  62   2          Delay(20);
  63   2          KeyNumber=2;    //（1，2）
  64   2        }
  65   1        if(P1_6==0)
  66   1        {
  67   2          Delay(20);
  68   2          while(P1_6==0);
  69   2          {
  70   3            
  71   3          }
  72   2          Delay(20);
  73   2          KeyNumber=5;  //（2，2）
  74   2        }
  75   1        if(P1_5==0)
  76   1        {
  77   2          Delay(20);
  78   2          while(P1_5==0);
  79   2          {
  80   3            
  81   3          }
  82   2          Delay(20);
  83   2          KeyNumber=8; //（2，3）
  84   2        }
  85   1        
  86   1        
  87   1        P1=0xFF;      //第三列
  88   1        P1_1=0;
  89   1        if(P1_7==0)
  90   1        {
  91   2          Delay(20);
  92   2          while(P1_7==0);
  93   2          {
  94   3            
  95   3          }
  96   2          Delay(20);
  97   2          KeyNumber=3;  //(1,3)
  98   2        }
  99   1        if(P1_6==0)
 100   1        {
 101   2          Delay(20);
 102   2          while(P1_6==0);
 103   2          {
 104   3            
 105   3          }
 106   2          Delay(20);
 107   2          KeyNumber=6;  //(2,3)
 108   2        }
 109   1        if(P1_5==0)
 110   1        {
 111   2          Delay(20);
 112   2          while(P1_5==0);
 113   2          {
 114   3            
 115   3          }
 116   2          Delay(20);
C51 COMPILER V9.54   MATRIXKEY                                                             10/25/2023 22:18:38 PAGE 3   

 117   2          KeyNumber=9; //(3,3)
 118   2        }
 119   1        
 120   1        
 121   1        
 122   1        P1=0xFF;
 123   1        P1_2=0;
 124   1        if(P1_4==0){Delay(20);while(P1_4==0);Delay(20);KeyNumber=0;}
 125   1        
 126   1        
 127   1        
 128   1        
 129   1          return KeyNumber;
 130   1      }
 131            
 132          


MODULE INFORMATION:   STATIC OVERLAYABLE
   CODE SIZE        =    267    ----
   CONSTANT SIZE    =   ----    ----
   XDATA SIZE       =   ----    ----
   PDATA SIZE       =   ----    ----
   DATA SIZE        =   ----       5
   IDATA SIZE       =   ----    ----
   BIT SIZE         =   ----    ----
END OF MODULE INFORMATION.


C51 COMPILATION COMPLETE.  0 WARNING(S),  0 ERROR(S)
