C51 COMPILER V9.54   MAIN                                                                  11/27/2023 22:11:20 PAGE 1   


C51 COMPILER V9.54, COMPILATION OF MODULE MAIN
OBJECT MODULE PLACED IN .\Objects\main.obj
COMPILER INVOKED BY: C:\Keil_v5\C51\BIN\C51.EXE main.c OPTIMIZE(8,SPEED) BROWSE DEBUG OBJECTEXTEND PRINT(.\Listings\main
                    -.lst) TABS(2) OBJECT(.\Objects\main.obj)

line level    source

   1          #include <REGX52.H>
   2          #include "Delay.h"
   3          #include "Timer0.h"
   4          #include "LCD1602.h"
   5          
   6          unsigned char Sec=50;
   7          unsigned char Min=10;
   8          unsigned char Hour=22;
   9          
  10          int main()
  11          {
  12   1          Sec=50;
  13   1          Min=11;
  14   1          Hour=22;
  15   1          LCD_Init();
  16   1          LCD_ShowString(1,1,"Time:  :  :");       //初始化显示，定时器模块
  17   1          Timer0_Init();
  18   1          while(1)
  19   1          {
  20   2              LCD_ShowNum(1,12,Sec,2);
  21   2              LCD_ShowNum(1,9,Min,2);
  22   2              LCD_ShowNum(1,6,Hour,2);
  23   2          }
  24   1      }
  25          
  26          void Timer0_Routine() interrupt 1
  27          {
  28   1          static unsigned int T0Count = 0;
  29   1          TH0=64609/256;
  30   1          TL0=64609%256;
  31   1          T0Count++;
  32   1          if(T0Count>=1000)
  33   1          {
  34   2              T0Count=0;
  35   2              Sec++;
  36   2              if(Sec>=60)
  37   2              {
  38   3                  Sec=0;
  39   3                  Min++;
  40   3                  if(Min>=60)
  41   3                  {
  42   4                      Min=0;
  43   4                      Hour++;
  44   4                      if(Hour>=24)
  45   4                      {
  46   5                          Hour=0;
  47   5                      }
  48   4                  }
  49   3              }
  50   2          }
  51   1      }


MODULE INFORMATION:   STATIC OVERLAYABLE
C51 COMPILER V9.54   MAIN                                                                  11/27/2023 22:11:20 PAGE 2   

   CODE SIZE        =    146    ----
   CONSTANT SIZE    =     12    ----
   XDATA SIZE       =   ----    ----
   PDATA SIZE       =   ----    ----
   DATA SIZE        =      5    ----
   IDATA SIZE       =   ----    ----
   BIT SIZE         =   ----    ----
END OF MODULE INFORMATION.


C51 COMPILATION COMPLETE.  0 WARNING(S),  0 ERROR(S)
