C51 COMPILER V9.54   DELAY                                                                 10/17/2023 20:28:46 PAGE 1   


C51 COMPILER V9.54, COMPILATION OF MODULE DELAY
OBJECT MODULE PLACED IN .\Objects\Delay.obj
COMPILER INVOKED BY: C:\Keil_v5\C51\BIN\C51.EXE Delay.c OPTIMIZE(8,SPEED) BROWSE DEBUG OBJECTEXTEND PRINT(.\Listings\Del
                    -ay.lst) TABS(2) OBJECT(.\Objects\Delay.obj)

line level    source

   1          void Delay(unsigned int ms)
   2          {
   3   1          unsigned int i, j;
   4   1      
   5   1          for (i = 0; i < ms; i++)
   6   1          {
   7   2              for (j = 0; j < 114; j++)
   8   2              {
   9   3                  // do nothing
  10   3              }
  11   2          }
  12   1      }


MODULE INFORMATION:   STATIC OVERLAYABLE
   CODE SIZE        =     32    ----
   CONSTANT SIZE    =   ----    ----
   XDATA SIZE       =   ----    ----
   PDATA SIZE       =   ----    ----
   DATA SIZE        =   ----    ----
   IDATA SIZE       =   ----    ----
   BIT SIZE         =   ----    ----
END OF MODULE INFORMATION.


C51 COMPILATION COMPLETE.  0 WARNING(S),  0 ERROR(S)
