C51 COMPILER V9.54   MAIN                                                                  10/08/2023 12:14:40 PAGE 1   


C51 COMPILER V9.54, COMPILATION OF MODULE MAIN
OBJECT MODULE PLACED IN .\Objects\main.obj
COMPILER INVOKED BY: C:\Keil_v5\C51\BIN\C51.EXE main.c OPTIMIZE(8,SPEED) BROWSE DEBUG OBJECTEXTEND PRINT(.\Listings\main
                    -.lst) TABS(2) OBJECT(.\Objects\main.obj)

line level    source

   1          #include <REGX52.H>
   2          #include <INTRINS.H>
   3          
   4          unsigned char LEDNum=0;
   5          
   6          void Delay(x)   //@11.0592MHz
   7          {
   8   1        while(x)
   9   1        {
  10   2          unsigned char i, j;
  11   2      
  12   2        _nop_();
  13   2        _nop_();
  14   2        _nop_();
  15   2        i = 11;
  16   2        j = 190;
  17   2        do
  18   2          {
  19   3              while (--j);
  20   3          } while (--i);
  21   2          --x;
  22   2        }
  23   1      }
  24          
  25          
  26          void main()
  27          {
  28   1        if(P3_0==0)
  29   1        {
  30   2          Delay(20);
  31   2          while(P3_0==0);
  32   2          Delay(20);
  33   2          
  34   2          
  35   2          LEDNum++;
  36   2          
  37   2          if(LEDNum>=8)
  38   2          {
  39   3            LEDNum=0;
  40   3          }
  41   2          
  42   2          P2=0x01<<LEDNum;
  43   2        }
  44   1      }


MODULE INFORMATION:   STATIC OVERLAYABLE
   CODE SIZE        =     75    ----
   CONSTANT SIZE    =   ----    ----
   XDATA SIZE       =   ----    ----
   PDATA SIZE       =   ----    ----
   DATA SIZE        =      1       2
   IDATA SIZE       =   ----    ----
   BIT SIZE         =   ----    ----
C51 COMPILER V9.54   MAIN                                                                  10/08/2023 12:14:40 PAGE 2   

END OF MODULE INFORMATION.


C51 COMPILATION COMPLETE.  0 WARNING(S),  0 ERROR(S)
