C51 COMPILER V9.54   MAIN                                                                  10/09/2023 22:54:36 PAGE 1   


C51 COMPILER V9.54, COMPILATION OF MODULE MAIN
OBJECT MODULE PLACED IN .\Objects\main.obj
COMPILER INVOKED BY: C:\Keil_v5\C51\BIN\C51.EXE main.c OPTIMIZE(8,SPEED) BROWSE DEBUG OBJECTEXTEND PRINT(.\Listings\main
                    -.lst) TABS(2) OBJECT(.\Objects\main.obj)

line level    source

   1          #include <REGX52.H>
   2          #include <INTRINS.H>
   3          
   4          void Delay(unsigned int xms)
   5          {
   6   1        unsigned char i, j;
   7   1        while(xms--)
   8   1        {
   9   2          i = 2;
  10   2          j = 239;
  11   2          do
  12   2          {
  13   3            while (--j);
  14   3          } while (--i);
  15   2        }
  16   1      }
  17          
  18          
  19          unsigned char NumTUBE[10]=
  20            {0x3F,
  21            0x06,
  22            0x5B,
  23            0x4F,
  24            0x66,
  25            0x6D,
  26            0x7D,
  27            0x07,
  28            0x7F,
  29            0x6F};
  30          
  31          void Nixie(unsigned char Location,unsigned char Number)
  32          {
  33   1        switch(Location)
  34   1        {
  35   2            case 1:P2_4=1;P2_3=1;P2_2=1;break;
  36   2            case 2:P2_4=1;P2_3=1;P2_2=0;break;
  37   2            case 3:P2_4=1;P2_3=0;P2_2=1;break;  
  38   2            case 4:P2_4=1;P2_3=0;P2_2=0;break;
  39   2            case 5:P2_4=0;P2_3=1;P2_2=1;break;
  40   2            case 6:P2_4=0;P2_3=1;P2_2=0;break;
  41   2            case 7:P2_4=0;P2_3=0;P2_2=1;break;
  42   2            case 8:P2_4=0;P2_3=0;P2_2=0;break;
  43   2        } 
  44   1        
  45   1        P0=NumTUBE[Number];
  46   1        Delay(1);
  47   1        P0=0x00;
  48   1        
  49   1      }
  50          void main()
  51          {
  52   1      
  53   1        while(1)
  54   1        {
C51 COMPILER V9.54   MAIN                                                                  10/09/2023 22:54:36 PAGE 2   

  55   2          
  56   2          Nixie(3,1);
  57   2          Delay(100);
  58   2          Nixie(4,0);
  59   2          Delay(100);
  60   2        }
  61   1      }


MODULE INFORMATION:   STATIC OVERLAYABLE
   CODE SIZE        =    153    ----
   CONSTANT SIZE    =   ----    ----
   XDATA SIZE       =   ----    ----
   PDATA SIZE       =   ----    ----
   DATA SIZE        =     10    ----
   IDATA SIZE       =   ----    ----
   BIT SIZE         =   ----    ----
END OF MODULE INFORMATION.


C51 COMPILATION COMPLETE.  0 WARNING(S),  0 ERROR(S)
