C51 COMPILER V9.54   MAIN                                                                  10/08/2023 12:22:29 PAGE 1   


C51 COMPILER V9.54, COMPILATION OF MODULE MAIN
OBJECT MODULE PLACED IN .\Objects\main.obj
COMPILER INVOKED BY: C:\Keil_v5\C51\BIN\C51.EXE main.c OPTIMIZE(8,SPEED) BROWSE DEBUG OBJECTEXTEND PRINT(.\Listings\main
                    -.lst) TABS(2) OBJECT(.\Objects\main.obj)

line level    source

   1          #include <REGX52.H>
   2          #include <INTRINS.H>
   3          
   4          unsigned char LEDNum=-1;
   5          
   6          void Delay(x)   //@11.0592MHz
   7          {
   8   1        while(x)
   9   1        {
  10   2          unsigned char i, j;
  11   2      
  12   2        _nop_();
  13   2        _nop_();
  14   2        _nop_();
  15   2        i = 11;
  16   2        j = 190;
  17   2        do
  18   2          {
  19   3              while (--j);
  20   3          } while (--i);
  21   2          --x;
  22   2        }
  23   1      }
  24          
  25          
  26          void main()
  27          {
  28   1        while(1)
  29   1      {
  30   2        if(P3_0==0)
  31   2        {
  32   3          Delay(20);
  33   3          while(P3_0==0);
  34   3          Delay(20);
  35   3          
  36   3          
  37   3          LEDNum++;
  38   3          
  39   3          if(LEDNum>=8)
  40   3          {
  41   4            LEDNum=0;
  42   4          }
  43   3          
  44   3          P2=~(0x01<<LEDNum);
  45   3        }
  46   2      }
  47   1      }


MODULE INFORMATION:   STATIC OVERLAYABLE
   CODE SIZE        =     77    ----
   CONSTANT SIZE    =   ----    ----
   XDATA SIZE       =   ----    ----
   PDATA SIZE       =   ----    ----
C51 COMPILER V9.54   MAIN                                                                  10/08/2023 12:22:29 PAGE 2   

   DATA SIZE        =      1       2
   IDATA SIZE       =   ----    ----
   BIT SIZE         =   ----    ----
END OF MODULE INFORMATION.


C51 COMPILATION COMPLETE.  0 WARNING(S),  0 ERROR(S)
